C51 COMPILER V9.59.0.0   PROJEM                                                            05/29/2020 14:00:41 PAGE 1   


C51 COMPILER V9.59.0.0, COMPILATION OF MODULE PROJEM
OBJECT MODULE PLACED IN .\Objects\projem.obj
COMPILER INVOKED BY: C:\Keil_v5\C51\BIN\C51.EXE projem.c OPTIMIZE(8,SPEED) BROWSE DEBUG OBJECTEXTEND PRINT(.\Listings\pr
                    -ojem.lst) TABS(2) OBJECT(.\Objects\projem.obj)

line level    source

   1          #include <89c51rd2.h>
   2          #include <stdio.h>
   3          int i=0;
   4          unsigned int saniye,dakika,saat,a=0;
   5          unsigned int asan,adak,asat,gs1=0,gs2=0,gd1=0,gd2=0,gsn1=0,gsn2=7,sdak;
   6          unsigned int clock[6]=0;
   7          int ms50,flagsn,r=0;
   8          char gelensayi;
   9          int gelen_saat,gelen_dak,gelen_san;
  10          unsigned char tablo[]={0x3f,0x06,0x5b,0x4f,0x66,0x6d,0x7d,0x07,0x7f,0x6f,0x77,0x7c,0x39,0x5e,0x79,0x71};
  11          
  12          void delay()
  13          {
  14   1         int c, d;
  15   1         
  16   1         for (c = 0; c <= 10; c++)
  17   1             for (d = 1; d <=500; d++)
  18   1             {}
  19   1      }
  20          
  21          int main()
  22          {
  23   1        SCON = 0x50;
  24   1        TMOD=0x21;
  25   1        TH0=(65536-50000)/256;
  26   1        TL0=(65536-50000)%256;
  27   1        TH1=0xFD;
  28   1        TR1=1;
  29   1        TR0=1;
  30   1        ES=1;
  31   1        EA=1;
  32   1        ET0=1;
  33   1        P2_7=0;
  34   1        
  35   1        while(1)
  36   1        {
  37   2            if(a!=0)
  38   2            {
  39   3              a=1;
  40   3              if(saat==asat)
  41   3              {
  42   4                if(dakika==adak)
  43   4                {
  44   5                  if(saniye==asan)
  45   5                    P2_7=1;
  46   5                }
  47   4                  else if(dakika==sdak){
  48   5                    P2_7=0;
  49   5                  a=0;}
  50   4                  else
  51   4                  {}
  52   4            }
  53   3        }
  54   2      
C51 COMPILER V9.59.0.0   PROJEM                                                            05/29/2020 14:00:41 PAGE 2   

  55   2      
  56   2          
  57   2        }
  58   1      }
  59          
  60          int asciinumber(char gelensayi)
  61          {
  62   1          switch(gelensayi)
  63   1          {
  64   2            case '0' : return 0;
  65   2            case '1' : return 1; 
  66   2            case '2' : return 2; 
  67   2            case '3' : return 3; 
  68   2            case '4' : return 4; 
  69   2            case '5' : return 5; 
  70   2            case '6' : return 6; 
  71   2            case '7' : return 7; 
  72   2            case '8' : return 8; 
  73   2            case '9' : return 9; 
  74   2          }
  75   1      }
  76          
  77            void seri_port() interrupt 4 
  78            {
  79   1          if(RI==1)
  80   1          {
  81   2            
  82   2            RI=0;
  83   2            gelensayi=SBUF;
  84   2                
  85   2                if(i==0)
  86   2                { 
  87   3                  gs1=asciinumber(gelensayi);
  88   3                  i++;
  89   3                }
  90   2      
  91   2                else if(i==1)
  92   2                { 
  93   3                  gs2=asciinumber(gelensayi);
  94   3                  i++;
  95   3                }
  96   2                
  97   2                 else if(i==2)
  98   2                { 
  99   3                  gd1=asciinumber(gelensayi);
 100   3                  i++;
 101   3                }
 102   2                
 103   2                else if(i==3)
 104   2                { 
 105   3                  gd2=asciinumber(gelensayi);
 106   3                  i++;
 107   3                }
 108   2                
 109   2                else if(i==4)
 110   2                { 
 111   3                  gsn1=asciinumber(gelensayi);
 112   3                  i++;
 113   3                }
 114   2                
 115   2                else if(i==5)
 116   2                { 
C51 COMPILER V9.59.0.0   PROJEM                                                            05/29/2020 14:00:41 PAGE 3   

 117   3                  gsn2=asciinumber(gelensayi);
 118   3                  i++;
 119   3                }
 120   2              
 121   2              
 122   2               if(i==6){
 123   3                 
 124   3              gelen_saat=(gs1*10)+gs2;
 125   3              gelen_dak=(gd1*10)+gd2;
 126   3              gelen_san=(gsn1*10)+gsn2;
 127   3              
 128   3              asat=gelen_saat;
 129   3              adak=gelen_dak;
 130   3                 sdak=gelen_dak+1;
 131   3              asan=gelen_san;
 132   3                i=0;
 133   3                 a=1;
 134   3              }
 135   2          }
 136   1        }
 137            
 138            
 139              
 140            void timer0() interrupt 1
 141            {
 142   1          
 143   1          TH0=(65536-50000)/256;
 144   1          TL0=(65536-50000)%256;  
 145   1          
 146   1          if(r==0)
 147   1          {
 148   2          P1=tablo[clock[0]];
 149   2          P2_5=0;
 150   2          delay();
 151   2          P2_5=1;
 152   2            r++;
 153   2          }
 154   1          
 155   1          else if(r==1)
 156   1          {
 157   2          P1=tablo[clock[1]];
 158   2          P2_4=0;
 159   2          delay();
 160   2          P2_4=1;
 161   2            r++;
 162   2          }
 163   1          
 164   1          else if(r==2)
 165   1          {
 166   2          P1=tablo[clock[2]];
 167   2          P2_3=0;
 168   2          delay();
 169   2          P2_3=1;
 170   2            r++;
 171   2          }
 172   1          
 173   1          else if(r==3)
 174   1          {   
 175   2          P1=tablo[clock[3]];
 176   2          P2_2=0;
 177   2          delay();
 178   2          P2_2=1;
C51 COMPILER V9.59.0.0   PROJEM                                                            05/29/2020 14:00:41 PAGE 4   

 179   2          r++;
 180   2          }
 181   1          else if(r==4)
 182   1          {
 183   2          P1=tablo[clock[4]];
 184   2          P2_1=0;
 185   2          delay();
 186   2          P2_1=1;
 187   2          r++;
 188   2          }
 189   1          else if(r==5)
 190   1          { 
 191   2          P1=tablo[clock[5]];
 192   2          P2_0=0;
 193   2          delay();  
 194   2          P2_0=1;
 195   2          r=0;
 196   2          }
 197   1        
 198   1            
 199   1          TF0=0;
 200   1          ms50++;
 201   1          TH0=-50000;
 202   1          TL0=-50000;
 203   1          
 204   1          if(ms50==20)
 205   1          {
 206   2            flagsn=1;
 207   2            ms50=0;
 208   2          }
 209   1          
 210   1          if(flagsn==1)
 211   1          {
 212   2            flagsn=0;
 213   2            saniye++;
 214   2          }
 215   1          
 216   1            
 217   1          
 218   1          if(saniye==60)
 219   1          {
 220   2            saniye=0;
 221   2            clock[0]=0;
 222   2            clock[1]=0;
 223   2            dakika++;
 224   2          }
 225   1          else
 226   1          {
 227   2            clock[0]=saniye%10;
 228   2            clock[1]=saniye/10;
 229   2            
 230   2          }
 231   1          
 232   1          
 233   1          if(dakika==60)
 234   1          {
 235   2            dakika=0;
 236   2            clock[2]=0;
 237   2            clock[3]=0;
 238   2            saat++;
 239   2          }
 240   1          else
C51 COMPILER V9.59.0.0   PROJEM                                                            05/29/2020 14:00:41 PAGE 5   

 241   1          {
 242   2            clock[2]=dakika%10;
 243   2            clock[3]=dakika/10;
 244   2            
 245   2          }
 246   1          
 247   1          
 248   1          if(saat==24)
 249   1          {
 250   2            saat=0;
 251   2            clock[4]=0;
 252   2            clock[5]=0;
 253   2          }
 254   1          else
 255   1          {
 256   2            clock[4]=saat%10;
 257   2            clock[5]=saat/10;
 258   2          }
 259   1        }
 260              
*** WARNING C291 IN LINE 75 OF projem.c: not every exit path returns a value


MODULE INFORMATION:   STATIC OVERLAYABLE
   CODE SIZE        =   1001    ----
   CONSTANT SIZE    =   ----    ----
   XDATA SIZE       =   ----    ----
   PDATA SIZE       =   ----    ----
   DATA SIZE        =     71    ----
   IDATA SIZE       =   ----    ----
   BIT SIZE         =   ----    ----
END OF MODULE INFORMATION.


C51 COMPILATION COMPLETE.  1 WARNING(S),  0 ERROR(S)
